后端服务运行在 http://localhost:3001
成功连接到SQLite数据库
获取通知列表... [Object: null prototype] {}
返回 32 条通知
获取通知列表... [Object: null prototype] {}
返回 32 条通知
获取通知列表... [Object: null prototype] {}
返回 32 条通知
获取通知列表... [Object: null prototype] {}
返回 32 条通知
获取通知列表... [Object: null prototype] {}
返回 32 条通知
获取通知列表... [Object: null prototype] {}
返回 32 条通知
获取通知列表... [Object: null prototype] {}
返回 32 条通知
获取通知列表... [Object: null prototype] {}
返回 32 条通知
获取调解记录列表... [Object: null prototype] {}
获取通知列表... [Object: null prototype] {}
返回 32 条通知
