2026-02-23 23:14:05 0 [Note] Starting MariaDB 11.4.4-MariaDB source revision e9a502df08bad16aa8a354e854f3c014b1380e32 server_uid J4Y+qh3gne5bOlvVuJghuWRXcWE= as process 15044
2026-02-23 23:14:05 0 [Note] InnoDB: The first data file './ibdata1' did not exist. A new tablespace will be created!
2026-02-23 23:14:05 0 [Note] InnoDB: Compressed tables use zlib 1.3.1
2026-02-23 23:14:05 0 [Note] InnoDB: Number of transaction pools: 1
2026-02-23 23:14:05 0 [Note] InnoDB: Using crc32 + pclmulqdq instructions
2026-02-23 23:14:05 0 [Note] InnoDB: Initializing buffer pool, total size = 20.000MiB, chunk size = 1.000MiB
2026-02-23 23:14:05 0 [Note] InnoDB: Completed initialization of buffer pool
2026-02-23 23:14:05 0 [Note] InnoDB: Setting file './ibdata1' size to 12.000MiB. Physically writing the file full; Please wait ...
2026-02-23 23:14:05 0 [Note] InnoDB: File './ibdata1' size is now 12.000MiB.
2026-02-23 23:14:05 0 [Note] InnoDB: File system buffers for log disabled (block size=512 bytes)
2026-02-23 23:14:05 0 [Note] InnoDB: Data file .//undo001 did not exist: new to be created
2026-02-23 23:14:05 0 [Note] InnoDB: Setting file .//undo001 size to 10.000MiB
2026-02-23 23:14:05 0 [Note] InnoDB: Database physically writes the file full: wait...
2026-02-23 23:14:05 0 [Note] InnoDB: Data file .//undo002 did not exist: new to be created
2026-02-23 23:14:05 0 [Note] InnoDB: Setting file .//undo002 size to 10.000MiB
2026-02-23 23:14:05 0 [Note] InnoDB: Database physically writes the file full: wait...
2026-02-23 23:14:05 0 [Note] InnoDB: Data file .//undo003 did not exist: new to be created
2026-02-23 23:14:05 0 [Note] InnoDB: Setting file .//undo003 size to 10.000MiB
2026-02-23 23:14:05 0 [Note] InnoDB: Database physically writes the file full: wait...
2026-02-23 23:14:05 0 [Note] InnoDB: Doublewrite buffer not found: creating new
2026-02-23 23:14:05 0 [Note] InnoDB: Opened 3 undo tablespaces
2026-02-23 23:14:05 0 [Note] InnoDB: 128 rollback segments in 3 undo tablespaces are active.
2026-02-23 23:14:05 0 [Note] InnoDB: Setting file './ibtmp1' size to 12.000MiB. Physically writing the file full; Please wait ...
2026-02-23 23:14:05 0 [Note] InnoDB: File './ibtmp1' size is now 12.000MiB.
2026-02-23 23:14:05 0 [Note] InnoDB: log sequence number 0; transaction id 3
2026-02-23 23:14:05 0 [Note] Plugin 'FEEDBACK' is disabled.
2026-02-23 23:14:05 0 [Note] mysqld.exe: SSPI: using principal name 'localhost', mech 'Negotiate'
2026-02-23 23:20:45 0 [Note] Starting MariaDB 11.4.4-MariaDB source revision e9a502df08bad16aa8a354e854f3c014b1380e32 server_uid 01tmFlyAjGAqvEMp93fjqnGR2e0= as process 15908
2026-02-23 23:20:45 0 [Note] InnoDB: Compressed tables use zlib 1.3.1
2026-02-23 23:20:45 0 [Note] InnoDB: Number of transaction pools: 1
2026-02-23 23:20:45 0 [Note] InnoDB: Using crc32 + pclmulqdq instructions
2026-02-23 23:20:45 0 [Note] InnoDB: Initializing buffer pool, total size = 128.000MiB, chunk size = 2.000MiB
2026-02-23 23:20:45 0 [Note] InnoDB: Completed initialization of buffer pool
2026-02-23 23:20:45 0 [Note] InnoDB: File system buffers for log disabled (block size=512 bytes)
2026-02-23 23:20:45 0 [Note] InnoDB: End of log at LSN=46450
2026-02-23 23:20:46 0 [Note] InnoDB: Opened 3 undo tablespaces
2026-02-23 23:20:46 0 [Note] InnoDB: 128 rollback segments in 3 undo tablespaces are active.
2026-02-23 23:20:46 0 [Note] InnoDB: Setting file './ibtmp1' size to 12.000MiB. Physically writing the file full; Please wait ...
2026-02-23 23:20:46 0 [Note] InnoDB: File './ibtmp1' size is now 12.000MiB.
2026-02-23 23:20:46 0 [Note] InnoDB: log sequence number 46450; transaction id 14
2026-02-23 23:20:46 0 [Note] Plugin 'FEEDBACK' is disabled.
2026-02-23 23:20:46 0 [Note] InnoDB: Loading buffer pool(s) from E:\Vue Element Plus Admin\backend\mariadb-data\ib_buffer_pool
2026-02-23 23:20:46 0 [Note] InnoDB: Buffer pool(s) load completed at 260223 23:20:46
2026-02-23 23:20:48 0 [Note] mysqld.exe: SSPI: using principal name 'localhost', mech 'Negotiate'
2026-02-23 23:20:49 0 [Note] Server socket created on IP: '127.0.0.1'.
2026-02-23 23:20:49 0 [Note] mysqld.exe: Event Scheduler: Loaded 0 events
2026-02-23 23:20:49 0 [Note] E:\Vue Element Plus Admin\mariadb\bin\mysqld.exe: ready for connections.
Version: '11.4.4-MariaDB'  socket: ''  port: 3307  mariadb.org binary distribution
2026-02-23 23:24:50 3 [Warning] Aborted connection 3 to db: 'unconnected' user: 'unauthenticated' host: 'localhost' (Got an error reading communication packets)
2026-02-23 23:24:50 3 [Warning] Aborted connection 3 to db: 'unconnected' user: 'unauthenticated' host: 'localhost' (This connection closed normally without authentication)
2026-02-24 12:35:12 6 [Warning] Aborted connection 6 to db: 'unconnected' user: 'unauthenticated' host: 'localhost' (Got an error reading communication packets)
2026-02-24 12:35:12 6 [Warning] Aborted connection 6 to db: 'unconnected' user: 'unauthenticated' host: 'localhost' (This connection closed normally without authentication)
2026-02-24 12:37:20 9 [Warning] Aborted connection 9 to db: 'unconnected' user: 'unauthenticated' host: 'localhost' (Got an error reading communication packets)
2026-02-24 12:37:20 9 [Warning] Aborted connection 9 to db: 'unconnected' user: 'unauthenticated' host: 'localhost' (This connection closed normally without authentication)
2026-02-24 13:12:24 0 [Note] Windows service "VueElementPlusAdminDB":  received SERVICE_CONTROL_STOP
2026-02-24 13:12:24 0 [Note] E:\Vue Element Plus Admin\mariadb\bin\mysqld.exe (initiated by: unknown): Normal shutdown
2026-02-24 13:12:24 0 [Note] InnoDB: FTS optimize thread exiting.
2026-02-24 13:12:24 0 [Note] InnoDB: Starting shutdown...
2026-02-24 13:12:24 0 [Note] InnoDB: Dumping buffer pool(s) to E:\Vue Element Plus Admin\backend\mariadb-data\ib_buffer_pool
2026-02-24 13:12:24 0 [Note] InnoDB: Buffer pool(s) dump completed at 260224 13:12:24
2026-02-24 13:12:24 0 [Note] InnoDB: Removed temporary tablespace data file: "./ibtmp1"
2026-02-24 13:12:24 0 [Note] InnoDB: Shutdown completed; log sequence number 47941; transaction id 15
2026-02-24 13:12:24 0 [Note] E:\Vue Element Plus Admin\mariadb\bin\mysqld.exe: Shutdown complete

2026-02-24 13:15:28 0 [Note] Starting MariaDB 11.4.4-MariaDB source revision e9a502df08bad16aa8a354e854f3c014b1380e32 server_uid i/LPzcYtazGcA//qLj9ILhPnwRc= as process 6552
2026-02-24 13:15:28 0 [Note] InnoDB: Compressed tables use zlib 1.3.1
2026-02-24 13:15:28 0 [Note] InnoDB: Number of transaction pools: 1
2026-02-24 13:15:28 0 [Note] InnoDB: Using crc32 + pclmulqdq instructions
2026-02-24 13:15:28 0 [Note] InnoDB: Initializing buffer pool, total size = 128.000MiB, chunk size = 2.000MiB
2026-02-24 13:15:28 0 [Note] InnoDB: Completed initialization of buffer pool
2026-02-24 13:15:28 0 [Note] InnoDB: File system buffers for log disabled (block size=512 bytes)
2026-02-24 13:15:28 0 [Note] InnoDB: End of log at LSN=47941
2026-02-24 13:15:28 0 [Note] InnoDB: Opened 3 undo tablespaces
2026-02-24 13:15:28 0 [Note] InnoDB: 128 rollback segments in 3 undo tablespaces are active.
2026-02-24 13:15:28 0 [Note] InnoDB: Setting file './ibtmp1' size to 12.000MiB. Physically writing the file full; Please wait ...
2026-02-24 13:15:28 0 [Note] InnoDB: File './ibtmp1' size is now 12.000MiB.
2026-02-24 13:15:28 0 [Note] InnoDB: log sequence number 47941; transaction id 15
2026-02-24 13:15:28 0 [Note] Plugin 'FEEDBACK' is disabled.
2026-02-24 13:15:28 0 [Note] InnoDB: Loading buffer pool(s) from E:\Vue Element Plus Admin\backend\mariadb-data\ib_buffer_pool
2026-02-24 13:15:28 0 [Note] InnoDB: Buffer pool(s) load completed at 260224 13:15:28
2026-02-24 13:15:31 0 [Note] mysqld.exe: SSPI: using principal name 'localhost', mech 'Negotiate'
2026-02-24 13:15:32 0 [Note] Server socket created on IP: '127.0.0.1'.
2026-02-24 13:15:32 0 [Note] mysqld.exe: Event Scheduler: Loaded 0 events
2026-02-24 13:15:32 0 [Note] E:\Vue Element Plus Admin\mariadb\bin\mysqld.exe: ready for connections.
Version: '11.4.4-MariaDB'  socket: ''  port: 3308  mariadb.org binary distribution
2026-02-24 13:15:32 3 [Warning] Aborted connection 3 to db: 'unconnected' user: 'unauthenticated' host: 'localhost' (Got an error reading communication packets)
2026-02-24 13:15:32 3 [Warning] Aborted connection 3 to db: 'unconnected' user: 'unauthenticated' host: 'localhost' (This connection closed normally without authentication)
2026-02-24 13:16:33 4 [Warning] Aborted connection 4 to db: 'unconnected' user: 'unauthenticated' host: 'localhost' (Got an error reading communication packets)
2026-02-24 13:16:33 4 [Warning] Aborted connection 4 to db: 'unconnected' user: 'unauthenticated' host: 'localhost' (This connection closed normally without authentication)
2026-02-24 13:17:15 5 [Warning] Aborted connection 5 to db: 'unconnected' user: 'unauthenticated' host: 'localhost' (Got an error reading communication packets)
2026-02-24 13:17:15 5 [Warning] Aborted connection 5 to db: 'unconnected' user: 'unauthenticated' host: 'localhost' (This connection closed normally without authentication)
2026-02-24 13:18:40 6 [Warning] Aborted connection 6 to db: 'unconnected' user: 'unauthenticated' host: 'localhost' (Got an error reading communication packets)
2026-02-24 13:18:40 6 [Warning] Aborted connection 6 to db: 'unconnected' user: 'unauthenticated' host: 'localhost' (This connection closed normally without authentication)
2026-02-24 13:18:40 7 [Warning] Access denied for user 'app_user'@'localhost' (using password: YES)
2026-02-24 13:18:40 8 [Warning] Access denied for user 'app_user'@'localhost' (using password: YES)
2026-02-24 13:22:06 11 [Warning] Aborted connection 11 to db: 'unconnected' user: 'unauthenticated' host: 'localhost' (Got an error reading communication packets)
2026-02-24 13:22:06 11 [Warning] Aborted connection 11 to db: 'unconnected' user: 'unauthenticated' host: 'localhost' (This connection closed normally without authentication)
2026-02-24 13:22:46 14 [Warning] Aborted connection 14 to db: 'unconnected' user: 'unauthenticated' host: 'localhost' (Got an error reading communication packets)
2026-02-24 13:22:46 14 [Warning] Aborted connection 14 to db: 'unconnected' user: 'unauthenticated' host: 'localhost' (This connection closed normally without authentication)
2026-02-24 13:37:36 18 [Warning] Aborted connection 18 to db: 'village' user: 'app_user' host: 'localhost' (Got an error reading communication packets)
2026-02-24 13:37:36 17 [Warning] Aborted connection 17 to db: 'village' user: 'app_user' host: 'localhost' (Got an error reading communication packets)
2026-02-24 13:37:36 20 [Warning] Aborted connection 20 to db: 'village' user: 'app_user' host: 'localhost' (Got an error reading communication packets)
2026-02-24 13:37:36 19 [Warning] Aborted connection 19 to db: 'village' user: 'app_user' host: 'localhost' (Got an error reading communication packets)
2026-02-24 13:37:36 12 [Warning] Aborted connection 12 to db: 'village' user: 'app_user' host: 'localhost' (Got an error reading communication packets)
2026-02-24 13:37:36 13 [Warning] Aborted connection 13 to db: 'village' user: 'app_user' host: 'localhost' (Got an error reading communication packets)
2026-02-24 13:37:48 27 [Warning] Aborted connection 27 to db: 'unconnected' user: 'unauthenticated' host: 'localhost' (Got an error reading communication packets)
2026-02-24 13:37:48 27 [Warning] Aborted connection 27 to db: 'unconnected' user: 'unauthenticated' host: 'localhost' (This connection closed normally without authentication)
2026-02-24 14:29:03 36 [Warning] Aborted connection 36 to db: 'village' user: 'app_user' host: 'localhost' (Got an error reading communication packets)
2026-02-24 14:29:03 40 [Warning] Aborted connection 40 to db: 'village' user: 'app_user' host: 'localhost' (Got an error reading communication packets)
2026-02-24 14:29:03 39 [Warning] Aborted connection 39 to db: 'village' user: 'app_user' host: 'localhost' (Got an error reading communication packets)
2026-02-24 14:29:03 38 [Warning] Aborted connection 38 to db: 'village' user: 'app_user' host: 'localhost' (Got an error reading communication packets)
2026-02-24 14:29:03 37 [Warning] Aborted connection 37 to db: 'village' user: 'app_user' host: 'localhost' (Got an error reading communication packets)
2026-02-24 14:29:03 35 [Warning] Aborted connection 35 to db: 'village' user: 'app_user' host: 'localhost' (Got an error reading communication packets)
2026-02-24 14:29:03 28 [Warning] Aborted connection 28 to db: 'village' user: 'app_user' host: 'localhost' (Got an error reading communication packets)
2026-02-24 14:29:03 34 [Warning] Aborted connection 34 to db: 'village' user: 'app_user' host: 'localhost' (Got an error reading communication packets)
2026-02-24 14:29:03 33 [Warning] Aborted connection 33 to db: 'village' user: 'app_user' host: 'localhost' (Got an error reading communication packets)
2026-02-24 14:29:03 29 [Warning] Aborted connection 29 to db: 'village' user: 'app_user' host: 'localhost' (Got an error reading communication packets)
2026-02-24 14:31:56 53 [Warning] Aborted connection 53 to db: 'unconnected' user: 'unauthenticated' host: 'localhost' (Got an error reading communication packets)
2026-02-24 14:31:56 53 [Warning] Aborted connection 53 to db: 'unconnected' user: 'unauthenticated' host: 'localhost' (This connection closed normally without authentication)
2026-02-24 14:32:20 54 [Warning] Aborted connection 54 to db: 'village' user: 'app_user' host: 'localhost' (Got an error reading communication packets)
2026-02-24 14:32:20 55 [Warning] Aborted connection 55 to db: 'village' user: 'app_user' host: 'localhost' (Got an error reading communication packets)
2026-02-24 14:32:37 56 [Warning] Aborted connection 56 to db: 'unconnected' user: 'unauthenticated' host: 'localhost' (Got an error reading communication packets)
2026-02-24 14:32:37 56 [Warning] Aborted connection 56 to db: 'unconnected' user: 'unauthenticated' host: 'localhost' (This connection closed normally without authentication)
2026-02-24 14:37:44 57 [Warning] Aborted connection 57 to db: 'village' user: 'app_user' host: 'localhost' (Got an error reading communication packets)
2026-02-24 14:37:44 58 [Warning] Aborted connection 58 to db: 'village' user: 'app_user' host: 'localhost' (Got an error reading communication packets)
2026-02-24 14:37:44 60 [Warning] Aborted connection 60 to db: 'village' user: 'app_user' host: 'localhost' (Got an error reading communication packets)
2026-02-24 14:37:44 59 [Warning] Aborted connection 59 to db: 'village' user: 'app_user' host: 'localhost' (Got an error reading communication packets)
2026-02-24 14:37:58 61 [Warning] Aborted connection 61 to db: 'unconnected' user: 'unauthenticated' host: 'localhost' (Got an error reading communication packets)
2026-02-24 14:37:58 61 [Warning] Aborted connection 61 to db: 'unconnected' user: 'unauthenticated' host: 'localhost' (This connection closed normally without authentication)
2026-02-24 14:38:36 62 [Warning] Aborted connection 62 to db: 'unconnected' user: 'unauthenticated' host: 'localhost' (Got an error reading communication packets)
2026-02-24 14:38:36 62 [Warning] Aborted connection 62 to db: 'unconnected' user: 'unauthenticated' host: 'localhost' (This connection closed normally without authentication)
2026-02-24 18:36:44 73 [Warning] Access denied for user 'root'@'localhost' (using password: YES)
2026-02-24 18:37:00 74 [Warning] Access denied for user 'root'@'localhost' (using password: YES)
2026-02-24 18:37:19 75 [Warning] Access denied for user 'root'@'localhost' (using password: YES)
2026-02-24 21:00:43 64 [Warning] Aborted connection 64 to db: 'village' user: 'app_user' host: 'localhost' (Got an error reading communication packets)
2026-02-24 21:00:43 63 [Warning] Aborted connection 63 to db: 'village' user: 'app_user' host: 'localhost' (Got an error reading communication packets)
2026-02-24 21:00:43 67 [Warning] Aborted connection 67 to db: 'village' user: 'app_user' host: 'localhost' (Got an error reading communication packets)
2026-02-24 21:00:43 66 [Warning] Aborted connection 66 to db: 'village' user: 'app_user' host: 'localhost' (Got an error reading communication packets)
2026-02-24 21:00:43 65 [Warning] Aborted connection 65 to db: 'village' user: 'app_user' host: 'localhost' (Got an error reading communication packets)
2026-02-24 21:00:43 68 [Warning] Aborted connection 68 to db: 'village' user: 'app_user' host: 'localhost' (Got an error reading communication packets)
2026-02-24 21:06:46 15 [Warning] Aborted connection 15 to db: 'village' user: 'app_user' host: 'localhost' (Got an error reading communication packets)
2026-02-24 21:06:46 16 [Warning] Aborted connection 16 to db: 'village' user: 'app_user' host: 'localhost' (Got an error reading communication packets)
2026-02-24 21:08:41 0 [Note] Windows service "VueElementPlusAdminDB":  received SERVICE_CONTROL_STOP
2026-02-24 21:08:41 0 [Note] E:\Vue Element Plus Admin\mariadb\bin\mysqld.exe (initiated by: unknown): Normal shutdown
2026-02-24 21:08:41 0 [Note] InnoDB: FTS optimize thread exiting.
2026-02-24 21:08:41 0 [Note] InnoDB: Starting shutdown...
2026-02-24 21:08:41 0 [Note] InnoDB: Dumping buffer pool(s) to E:\Vue Element Plus Admin\backend\mariadb-data\ib_buffer_pool
2026-02-24 21:08:41 0 [Note] InnoDB: Buffer pool(s) dump completed at 260224 21:08:41
2026-02-24 21:08:42 0 [Note] InnoDB: Removed temporary tablespace data file: "./ibtmp1"
2026-02-24 21:08:42 0 [Note] InnoDB: Shutdown completed; log sequence number 585475; transaction id 1020
2026-02-24 21:08:42 0 [Note] E:\Vue Element Plus Admin\mariadb\bin\mysqld.exe: Shutdown complete

2026-02-24 21:09:10 0 [Note] Starting MariaDB 11.4.4-MariaDB source revision e9a502df08bad16aa8a354e854f3c014b1380e32 server_uid 01tmFlyAjGAqvEMp93fjqnGR2e0= as process 13540
2026-02-24 21:09:10 0 [Note] InnoDB: Compressed tables use zlib 1.3.1
2026-02-24 21:09:10 0 [Note] InnoDB: Number of transaction pools: 1
2026-02-24 21:09:10 0 [Note] InnoDB: Using crc32 + pclmulqdq instructions
2026-02-24 21:09:10 0 [Note] InnoDB: Initializing buffer pool, total size = 128.000MiB, chunk size = 2.000MiB
2026-02-24 21:09:10 0 [Note] InnoDB: Completed initialization of buffer pool
2026-02-24 21:09:10 0 [Note] InnoDB: File system buffers for log disabled (block size=512 bytes)
2026-02-24 21:09:10 0 [Note] InnoDB: End of log at LSN=585475
2026-02-24 21:09:10 0 [Note] InnoDB: Opened 3 undo tablespaces
2026-02-24 21:09:10 0 [Note] InnoDB: 128 rollback segments in 3 undo tablespaces are active.
2026-02-24 21:09:10 0 [Note] InnoDB: Setting file './ibtmp1' size to 12.000MiB. Physically writing the file full; Please wait ...
2026-02-24 21:09:10 0 [Note] InnoDB: File './ibtmp1' size is now 12.000MiB.
2026-02-24 21:09:10 0 [Note] InnoDB: log sequence number 585475; transaction id 1021
2026-02-24 21:09:10 0 [Note] Plugin 'FEEDBACK' is disabled.
2026-02-24 21:09:10 0 [Note] InnoDB: Loading buffer pool(s) from E:\Vue Element Plus Admin\backend\mariadb-data\ib_buffer_pool
2026-02-24 21:09:10 0 [Note] InnoDB: Buffer pool(s) load completed at 260224 21:09:10
2026-02-24 21:09:12 0 [Note] mysqld.exe: SSPI: using principal name 'localhost', mech 'Negotiate'
2026-02-24 21:09:14 0 [Note] Server socket created on IP: '127.0.0.1'.
2026-02-24 21:09:14 0 [Note] mysqld.exe: Event Scheduler: Loaded 0 events
2026-02-24 21:09:14 0 [Note] E:\Vue Element Plus Admin\mariadb\bin\mysqld.exe: ready for connections.
Version: '11.4.4-MariaDB'  socket: ''  port: 3307  mariadb.org binary distribution
2026-02-24 21:09:14 3 [Warning] Aborted connection 3 to db: 'unconnected' user: 'unauthenticated' host: 'localhost' (Got an error reading communication packets)
2026-02-24 21:09:14 3 [Warning] Aborted connection 3 to db: 'unconnected' user: 'unauthenticated' host: 'localhost' (This connection closed normally without authentication)
2026-02-24 21:09:16 4 [Warning] Aborted connection 4 to db: 'unconnected' user: 'unauthenticated' host: 'localhost' (Got an error reading communication packets)
2026-02-24 21:09:16 4 [Warning] Aborted connection 4 to db: 'unconnected' user: 'unauthenticated' host: 'localhost' (This connection closed normally without authentication)
2026-02-24 23:14:27 19 [Warning] Access denied for user 'root'@'localhost' (using password: YES)
2026-02-25  5:48:33 7 [Warning] Aborted connection 7 to db: 'village' user: 'app_user' host: 'localhost' (Got timeout reading communication packets)
2026-02-25  5:48:33 5 [Warning] Aborted connection 5 to db: 'village' user: 'app_user' host: 'localhost' (Got timeout reading communication packets)
2026-02-25  5:49:15 8 [Warning] Aborted connection 8 to db: 'village' user: 'app_user' host: 'localhost' (Got timeout reading communication packets)
2026-02-25  5:49:15 6 [Warning] Aborted connection 6 to db: 'village' user: 'app_user' host: 'localhost' (Got timeout reading communication packets)
2026-02-25  7:57:08 9 [Warning] Aborted connection 9 to db: 'village' user: 'app_user' host: 'localhost' (Got timeout reading communication packets)
2026-02-25 14:53:59 0 [Note] Windows service "VueElementPlusAdminDB":  received SERVICE_CONTROL_STOP
2026-02-25 14:53:59 0 [Note] E:\Vue Element Plus Admin\mariadb\bin\mysqld.exe (initiated by: unknown): Normal shutdown
2026-02-25 14:53:59 0 [Note] InnoDB: FTS optimize thread exiting.
2026-02-25 14:53:59 0 [Note] InnoDB: Starting shutdown...
2026-02-25 14:53:59 0 [Note] InnoDB: Dumping buffer pool(s) to E:\Vue Element Plus Admin\backend\mariadb-data\ib_buffer_pool
2026-02-25 14:53:59 0 [Note] InnoDB: Buffer pool(s) dump completed at 260225 14:53:59
